c:\users\alan1\git\lab-cuda\projeto 1\x64\debug\vc140.pdb
c:\users\alan1\git\lab-cuda\projeto 1\x64\debug\vc140.idb
c:\users\alan1\git\lab-cuda\projeto 1\x64\debug\compare.obj
c:\users\alan1\git\lab-cuda\projeto 1\x64\debug\hw1.obj
c:\users\alan1\git\lab-cuda\projeto 1\x64\debug\main.obj
c:\users\alan1\git\lab-cuda\projeto 1\x64\debug\reference_calc.obj
c:\users\alan1\git\lab-cuda\projeto 1\x64\debug\projeto 1.ilk
c:\users\alan1\git\lab-cuda\projeto 1\x64\debug\projeto 1.exe
c:\users\alan1\git\lab-cuda\projeto 1\x64\debug\projeto 1.pdb
c:\users\alan1\git\lab-cuda\projeto 1\x64\debug\projeto 1.lib
c:\users\alan1\git\lab-cuda\projeto 1\x64\debug\projeto 1.exp
c:\users\alan1\git\lab-cuda\projeto 1\x64\debug\student_func.cu.cache
c:\users\alan1\git\lab-cuda\projeto 1\x64\debug\student_func.cu.obj
c:\users\alan1\git\lab-cuda\projeto 1\x64\debug\projeto 1.tlog\cl.command.1.tlog
c:\users\alan1\git\lab-cuda\projeto 1\x64\debug\projeto 1.tlog\cl.read.1.tlog
c:\users\alan1\git\lab-cuda\projeto 1\x64\debug\projeto 1.tlog\cl.write.1.tlog
c:\users\alan1\git\lab-cuda\projeto 1\x64\debug\projeto 1.tlog\link.command.1.tlog
c:\users\alan1\git\lab-cuda\projeto 1\x64\debug\projeto 1.tlog\link.read.1.tlog
c:\users\alan1\git\lab-cuda\projeto 1\x64\debug\projeto 1.tlog\link.write.1.tlog
c:\users\alan1\git\lab-cuda\projeto 1\x64\debug\projeto 1.tlog\projeto 1.write.1u.tlog
